<?xml version="1.0" encoding="UTF-8"?>
<testng-results ignored="0" total="1" passed="1" failed="0" skipped="0">
  <reporter-output>
  </reporter-output>
  <suite started-at="2019-12-27T05:00:45Z" name="Default suite" finished-at="2019-12-27T05:00:54Z" duration-ms="8281">
    <groups>
    </groups>
    <test started-at="2019-12-27T05:00:45Z" name="Default test" finished-at="2019-12-27T05:00:54Z" duration-ms="8281">
      <class name="newpackage.findelements">
        <test-method signature="find()[pri:0, instance:newpackage.findelements@6646153]" started-at="2019-12-27T05:00:45Z" name="find" finished-at="2019-12-27T05:00:54Z" duration-ms="8264" status="PASS">
          <reporter-output>
          </reporter-output>
        </test-method> <!-- find -->
      </class> <!-- newpackage.findelements -->
    </test> <!-- Default test -->
  </suite> <!-- Default suite -->
</testng-results>
